01000010000000000000000000000000	0x42000000	ila 0 0
01000001111111111111111110001010	0x41FFFF8A	ilh 10 -1
01000001100000000000011000011110	0x4180061E	ilh 30 12 // use to shift by 12byte
01000001100000000000010000011111	0x4180041F	ilh 31 8 // use to shift by 8 byte
01000001100000000000001000100000	0x41800220	ilh 32 4 // use to shift by 8 bytes
01000001100000000000011000100001	0x41800621	ilh 33 12 // use to shift by 8 bytes
00111011111001111000010100010100	0x3BE78514	shlqby 20 10 30 // generate FFFFFFFF ins first word
00110100000000010000000000000101	0x34010005	lqd 5 4(0) // load matrix2[0] Column 1
00011000001001010000001010001111	0x1825028F	and 15 5 20 // reg 15 slot 1 has matrix[0][0]
00110100000000010100000000000110	0x34014006	lqd 6 5(0) // loading matrix2[1] row
00011000001001010000001100011010	0x1825031A	and 26 6 20 // loading matrix2[1][0] in reg 21
01000001100000000000011000011110	0x4180061E	ilh 30 12
00111011100001111000110100011010	0x3B878D1A	rotqby 26 26 30 // moved matrix2[1][0] to 2nd word slot
01001000001001101000011110001111	0x4826878F	xor 15 15 26 // reg 15 will have elemnt for column 0 matrix2
00110100000000011000000000000111	0x34018007	lqd 7 6(0) // loading matrix2[2] row
00011000001001010000001110011011	0x1825039B	and 27 7 20 // loading matrix2[2][0] in reg 22
01000001100000000000010000011110	0x4180041E	ilh 30 8
00111011100001111000110110011011	0x3B878D9B	rotqby 27 27 30
01001000001001101100011110001111	0x4826C78F	xor 15 15 27 // moved matrix2[2][0] to 3rd word slot
00110100000000011100000000001000	0x3401C008	lqd 8 7(0)
00011000001001010000010000011100	0x1825041C	and 28 8 20 // loading matrix2[2][0] in reg 23
01000001100000000000001000011110	0x4180021E	ilh 30 4
00111011100001111000111000011100	0x3B878E1C	rotqby 28 28 30
01001000001001110000011110001111	0x4827078F	xor 15 15 28 // moved matrix2[3][0] to 4rd word slot
00111011100010000000001010011010	0x3B88029A	rotqby 26 5 32 //Column 2
00011000001001010000110100010000	0x18250D10	and 16 26 20 // reg 16 will hold col2 of matrix2
00111011100010000000001100011011	0x3B88031B	rotqby 27 6 32 // rotate lefy by 4
00011000001001010000110110011011	0x18250D9B	and 27 27 20 // loading matrix2[1][0] in reg 21
01000001100000000000011000011110	0x4180061E	ilh 30 12
00111011100001111000110110011011	0x3B878D9B	rotqby 27 27 30
01001000001001101100100000010000	0x4826C810	xor 16 16 27 // storing matrix2[1][1] in reg 16 2nd posistion
00111011100010000000001110011100	0x3B88039C	rotqby 28 7 32 // rotate left by 4
00011000001001010000111000011100	0x18250E1C	and 28 28 20 // loading matrix2[2][0] shiftef right
01000001100000000000010000011110	0x4180041E	ilh 30 8 //
00111011100001111000111000011100	0x3B878E1C	rotqby 28 28 30
01001000001001110000100000010000	0x48270810	xor 16 16 28 // reg 16 will have elemnt for column 2 matrix2
00111011100010000000010000011101	0x3B88041D	rotqby 29 8 32 // rotate lefy by 4
00011000001001010000111010011101	0x18250E9D	and 29 29 20 // loading matrix2[1][0] in reg 21
01000001100000000000001000011110	0x4180021E	ilh 30 4
00111011100001111000111010011101	0x3B878E9D	rotqby 29 29 30
01001000001001110100100000010000	0x48274810	xor 16 16 29 / reg 16 will have elemnt for column 2 matrix2
00111011100001111100001010011010	0x3B87C29A	rotqby 26 5 31 //Column 3
00011000001001010000110100010001	0x18250D11	and 17 26 20 // reg 16 will hold col2 of matrix2
00111011100001111100001100011011	0x3B87C31B	rotqby 27 6 31 // rotate lefy by 8
00011000001001010000110110011011	0x18250D9B	and 27 27 20 // loading matrix2[1][0] in reg 21
01000001100000000000011000011110	0x4180061E	ilh 30 12
00111011100001111000110110011011	0x3B878D9B	rotqby 27 27 30
01001000001001101100100010010001	0x4826C891	xor 17 17 27 // storing matrix2[1][1] in reg 16 2nd posistion
00111011100001111100001110011100	0x3B87C39C	rotqby 28 7 31// rotate left by 8
00011000001001010000111000011100	0x18250E1C	and 28 28 20 // loading matrix2[2][0] shiftef right
01000001100000000000010000011110	0x4180041E	ilh 30 8 //
00111011100001111000111000011100	0x3B878E1C	rotqby 28 28 30
01001000001001110000100010010001	0x48270891	xor 17 17 28 // reg 16 will have elemnt for column 1 matrix2
00111011100001111100010000011101	0x3B87C41D	rotqby 29 8 31 // rotate lefy by 8
00011000001001010000111010011101	0x18250E9D	and 29 29 20 // loading matrix2[1][0] in reg 21
01000001100000000000001000011110	0x4180021E	ilh 30 4
00111011100001111000111010011101	0x3B878E9D	rotqby 29 29 30
01001000001001110100100010010001	0x48274891	xor 17 17 29 // reg 17 will have elemnt for column 3 matrix2
00111011100010000100001010011010	0x3B88429A	rotqby 26 5 33 // //Column 4
00011000001001010000110100010010	0x18250D12	and 18 26 20 // reg 16 will hold col2 of matrix2
00111011100010000100001100011011	0x3B88431B	rotqby 27 6 33 // rotate by 12
00011000001001010000110110011011	0x18250D9B	and 27 27 20 // loading matrix2[1][0] in reg 21
01000001100000000000011000011110	0x4180061E	ilh 30 12
00111011100001111000110110011011	0x3B878D9B	rotqby 27 27 30
01001000001001101100100100010010	0x4826C912	xor 18 18 27
00111011100010000100001110011100	0x3B88439C	rotqby 28 7 33 // rotate left by 12
00011000001001010000111000011100	0x18250E1C	and 28 28 20 // loading matrix2[2][0] shiftef right
01000001100000000000010000011110	0x4180041E	ilh 30 8 //
00111011100001111000111000011100	0x3B878E1C	rotqby 28 28 30
01001000001001110000100100010010	0x48270912	xor 18 18 28
00111011100010000100010000011101	0x3B88441D	rotqby 29 8 33 // rotate left by 4
00011000001001010000111010011101	0x18250E9D	and 29 29 20 // loading matrix2[3][3]
01000001100000000000001000011110	0x4180021E	ilh 30 4
00111011100001111000111010011101	0x3B878E9D	rotqby 29 29 30
01001000001001110100100100010010	0x48274912	xor 18 18 29 // reg 18 will have elements for column 4s matrix2
01000010000000000000001000000000	0x42000200	ila 0 4
00011100111111111100000000000000	0x1CFFC000	ai 0 0 -1
00110100000000000000000000000001	0x34000001	lqd 1 0(0) // load maxtr1[1]
11000111100000000100011110111100	0xC78047BC	mpya 60 15 1 60 // matrix1[0] x matrix2 column
11000111101000000100100000111101	0xC7A0483D	mpya 61 16 1 61 // matrix1[0] x matrix2 column
11000111110000000100100010111110	0xC7C048BE	mpya 62 17 1 62 // matrix1[0] x matrix2 column
11000111111000000100100100111111	0xC7E0493F	mpya 63 18 1 63 // matrix1[0] x matrix2 column
00011000001001010001111001000110	0x18251E46	and 70 60 20 // reg 70 maxtrix3[0][0]
00011000000100011010100011010001	0x1811A8D1	a 81 81 70
00111011111001111001111000111100	0x3BE79E3C	shlqby 60 60 30
00011000001001010001111001000110	0x18251E46	and 70 60 20
00011000000100011010100011010001	0x1811A8D1	a 81 81 70
00111011111001111001111000111100	0x3BE79E3C	shlqby 60 60 30
00011000001001010001111001000110	0x18251E46	and 70 60 20
00011000000100011010100011010001	0x1811A8D1	a 81 81 70
00111011111001111001111000111100	0x3BE79E3C	shlqby 60 60 30
00011000001001010001111001000110	0x18251E46	and 70 60 20
00011000000100011010100011010001	0x1811A8D1	a 81 81 70
00111011111001111001111000111100	0x3BE79E3C	shlqby 60 60 30
00011000001001010001111011000111	0x18251EC7	and 71 61 20 // reg 71 maxtrix3[0][1]
00011000000100011110100101010010	0x1811E952	a 82 82 71
00111011111001111001111010111101	0x3BE79EBD	shlqby 61 61 30
00011000001001010001111011000111	0x18251EC7	and 71 61 20
00011000000100011110100101010010	0x1811E952	a 82 82 71
00111011111001111001111010111101	0x3BE79EBD	shlqby 61 61 30
00011000001001010001111011000111	0x18251EC7	and 71 61 20
00011000000100011110100101010010	0x1811E952	a 82 82 71
00111011111001111001111010111101	0x3BE79EBD	shlqby 61 61 30
00011000001001010001111011000111	0x18251EC7	and 71 61 20
00011000000100011110100101010010	0x1811E952	a 82 82 71
00111011111001111001111010111101	0x3BE79EBD	shlqby 61 61 30
00011000001001010001111101001000	0x18251F48	and 72 62 20 // reg 72 maxtrix3[0][2]
00011000000100100010100111010011	0x181229D3	a 83 83 72
00111011111001111001111100111110	0x3BE79F3E	shlqby 62 62 30
00011000001001010001111101001000	0x18251F48	and 72 62 20
00011000000100100010100111010011	0x181229D3	a 83 83 72
00111011111001111001111100111110	0x3BE79F3E	shlqby 62 62 30
00011000001001010001111101001000	0x18251F48	and 72 62 20
00011000000100100010100111010011	0x181229D3	a 83 83 72
00111011111001111001111100111110	0x3BE79F3E	shlqby 62 62 30
00011000001001010001111101001000	0x18251F48	and 72 62 20
00011000000100100010100111010011	0x181229D3	a 83 83 72
00111011111001111001111100111110	0x3BE79F3E	shlqby 62 62 30
00011000001001010001111111001001	0x18251FC9	and 73 63 20 // reg 73 maxtrix3[0][3]
00011000000100100110101001010100	0x18126A54	a 84 84 73
00111011111001111001111110111111	0x3BE79FBF	shlqby 63 63 30
00011000001001010001111111001001	0x18251FC9	and 73 63 20
00011000000100100110101001010100	0x18126A54	a 84 84 73
00111011111001111001111110111111	0x3BE79FBF	shlqby 63 63 30
00011000001001010001111111001001	0x18251FC9	and 73 63 20
00011000000100100110101001010100	0x18126A54	a 84 84 73
00111011111001111001111110111111	0x3BE79FBF	shlqby 63 63 30
00011000001001010001111111001001	0x18251FC9	and 73 63 20
00011000000100100110101001010100	0x18126A54	a 84 84 73
00111011100010000110100101010010	0x3B886952	rotqby 82 82 33
00111011100001111110100111010011	0x3B87E9D3	rotqby 83 83 31
00111011100010000010101001010100	0x3B882A54	rotqby 84 84 32
00001000001101000110100001010000	0x08346850	or 80 80 81
00001000001101001010100001010000	0x0834A850	or 80 80 82
00001000001101001110100001010000	0x0834E850	or 80 80 83
00001000001101010010100001010000	0x08352850	or 80 80 84
00100100000000101000000001010000	0x24028050	stqd 80 10(0)
01000001100000000000000000111100	0x4180003C	ilh 60 0
01000001100000000000000000111101	0x4180003D	ilh 61 0
01000001100000000000000000111110	0x4180003E	ilh 62 0
01000001100000000000000000111111	0x4180003F	ilh 63 0
01000001100000000000000001000110	0x41800046	ilh 70 0
01000001100000000000000001000111	0x41800047	ilh 71 0
01000001100000000000000001001000	0x41800048	ilh 72 0
01000001100000000000000001001001	0x41800049	ilh 73 0
01000001100000000000000001010000	0x41800050	ilh 80 0
01000001100000000000000001010001	0x41800051	ilh 81 0
01000001100000000000000001010010	0x41800052	ilh 82 0
01000001100000000000000001010011	0x41800053	ilh 83 0
01000001100000000000000001010100	0x41800054	ilh 84 0
00100001000000000010011100000000	0x21002700	brnz 0 78
00000000001000000000000000000000	0x00200000	lnop
00000000000000000000000000000000	0x00000000	stop